[0m22:09:44.092087 [debug] [MainThread]: Sending event: {'category': 'dbt', 'action': 'invocation', 'label': 'start', 'context': [<snowplow_tracker.self_describing_json.SelfDescribingJson object at 0x10837c440>, <snowplow_tracker.self_describing_json.SelfDescribingJson object at 0x109213750>, <snowplow_tracker.self_describing_json.SelfDescribingJson object at 0x109213890>]}


============================== 22:09:44.095489 | ed18fa96-2ca3-4e4f-a953-f1aa7b6fa155 ==============================
[0m22:09:44.095489 [info ] [MainThread]: Running with dbt=1.11.7
[0m22:09:44.095941 [debug] [MainThread]: running dbt with arguments {'warn_error': 'None', 'use_colors': 'True', 'printer_width': '80', 'debug': 'False', 'warn_error_options': 'WarnErrorOptionsV2(error=[], warn=[], silence=[])', 'invocation_command': 'dbt init nexusflow_dbt', 'partial_parse': 'True', 'use_experimental_parser': 'False', 'write_json': 'True', 'introspect': 'True', 'send_anonymous_usage_stats': 'True', 'log_format': 'default', 'log_cache_events': 'False', 'no_print': 'None', 'empty': 'None', 'fail_fast': 'False', 'version_check': 'True', 'log_path': 'logs', 'target_path': 'None', 'quiet': 'False', 'cache_selected_only': 'False', 'static_parser': 'True', 'profiles_dir': '/Users/gal/.dbt', 'indirect_selection': 'eager'}
[0m22:09:44.107513 [debug] [MainThread]: Starter project path: /Library/Frameworks/Python.framework/Versions/3.13/lib/python3.13/site-packages/dbt/include/starter_project
[0m22:09:44.115584 [info ] [MainThread]: 
Your new dbt project "nexusflow_dbt" was created!

For more information on how to configure the profiles.yml file,
please consult the dbt documentation here:

  https://docs.getdbt.com/docs/configure-your-profile

One more thing:

Need help? Don't hesitate to reach out to us via GitHub issues or on Slack:

  https://community.getdbt.com/

Happy modeling!

[0m22:09:44.115825 [info ] [MainThread]: Setting up your profile.
[0m22:11:19.693531 [info ] [MainThread]: Profile nexusflow_dbt written to /Users/gal/.dbt/profiles.yml using target's profile_template.yml and your supplied values. Run 'dbt debug' to validate the connection.
[0m22:11:19.726310 [debug] [MainThread]: Resource report: {"command_name": "init", "command_success": true, "command_wall_clock_time": 95.669624, "process_in_blocks": "0", "process_kernel_time": 0.148353, "process_mem_max_rss": "115081216", "process_out_blocks": "0", "process_user_time": 0.558014}
[0m22:11:19.726920 [debug] [MainThread]: Command `dbt init` succeeded at 22:11:19.726820 after 95.67 seconds
[0m22:11:19.727250 [debug] [MainThread]: Sending event: {'category': 'dbt', 'action': 'invocation', 'label': 'end', 'context': [<snowplow_tracker.self_describing_json.SelfDescribingJson object at 0x109828b00>, <snowplow_tracker.self_describing_json.SelfDescribingJson object at 0x108bb8ef0>, <snowplow_tracker.self_describing_json.SelfDescribingJson object at 0x109293ac0>]}
[0m22:11:19.727598 [debug] [MainThread]: Flushing usage events
[0m22:11:20.805522 [debug] [MainThread]: An error was encountered while trying to flush usage events
